{"D:\\Tae\\SourceCode\\Learning\\my-backend\\app.js": {"path":"D:\\Tae\\SourceCode\\Learning\\my-backend\\app.js","statementMap":{"0":{"start":{"line":1,"column":16},"end":{"line":1,"column":34}},"1":{"start":{"line":2,"column":13},"end":{"line":2,"column":28}},"2":{"start":{"line":3,"column":16},"end":{"line":3,"column":40}},"3":{"start":{"line":4,"column":13},"end":{"line":4,"column":43}},"4":{"start":{"line":5,"column":30},"end":{"line":5,"column":49}},"5":{"start":{"line":6,"column":12},"end":{"line":6,"column":21}},"6":{"start":{"line":7,"column":0},"end":{"line":7,"column":27}},"7":{"start":{"line":9,"column":0},"end":{"line":9,"column":10}},"8":{"start":{"line":10,"column":0},"end":{"line":10,"column":16}},"9":{"start":{"line":11,"column":0},"end":{"line":11,"column":24}},"10":{"start":{"line":12,"column":0},"end":{"line":12,"column":49}},"11":{"start":{"line":14,"column":0},"end":{"line":16,"column":3}},"12":{"start":{"line":15,"column":2},"end":{"line":15,"column":30}},"13":{"start":{"line":19,"column":0},"end":{"line":27,"column":3}},"14":{"start":{"line":20,"column":15},"end":{"line":20,"column":28}},"15":{"start":{"line":22,"column":18},"end":{"line":22,"column":36}},"16":{"start":{"line":24,"column":2},"end":{"line":24,"column":23}},"17":{"start":{"line":26,"column":2},"end":{"line":26,"column":44}},"18":{"start":{"line":30,"column":0},"end":{"line":34,"column":3}},"19":{"start":{"line":31,"column":16},"end":{"line":31,"column":35}},"20":{"start":{"line":33,"column":2},"end":{"line":33,"column":42}},"21":{"start":{"line":37,"column":0},"end":{"line":49,"column":3}},"22":{"start":{"line":38,"column":11},"end":{"line":38,"column":22}},"23":{"start":{"line":39,"column":15},"end":{"line":39,"column":28}},"24":{"start":{"line":41,"column":2},"end":{"line":44,"column":3}},"25":{"start":{"line":42,"column":19},"end":{"line":42,"column":53}},"26":{"start":{"line":43,"column":4},"end":{"line":43,"column":31}},"27":{"start":{"line":46,"column":2},"end":{"line":46,"column":36}},"28":{"start":{"line":48,"column":2},"end":{"line":48,"column":29}},"29":{"start":{"line":52,"column":0},"end":{"line":56,"column":3}},"30":{"start":{"line":53,"column":2},"end":{"line":53,"column":28}},"31":{"start":{"line":55,"column":2},"end":{"line":55,"column":29}},"32":{"start":{"line":58,"column":13},"end":{"line":58,"column":37}},"33":{"start":{"line":59,"column":0},"end":{"line":59,"column":60}},"34":{"start":{"line":59,"column":23},"end":{"line":59,"column":58}},"35":{"start":{"line":61,"column":0},"end":{"line":61,"column":21}}},"fnMap":{"0":{"name":"(anonymous_0)","decl":{"start":{"line":14,"column":16},"end":{"line":14,"column":17}},"loc":{"start":{"line":14,"column":30},"end":{"line":16,"column":1}},"line":14},"1":{"name":"(anonymous_1)","decl":{"start":{"line":19,"column":21},"end":{"line":19,"column":22}},"loc":{"start":{"line":19,"column":41},"end":{"line":27,"column":1}},"line":19},"2":{"name":"(anonymous_2)","decl":{"start":{"line":30,"column":20},"end":{"line":30,"column":21}},"loc":{"start":{"line":30,"column":40},"end":{"line":34,"column":1}},"line":30},"3":{"name":"(anonymous_3)","decl":{"start":{"line":37,"column":23},"end":{"line":37,"column":24}},"loc":{"start":{"line":37,"column":43},"end":{"line":49,"column":1}},"line":37},"4":{"name":"(anonymous_4)","decl":{"start":{"line":52,"column":23},"end":{"line":52,"column":24}},"loc":{"start":{"line":52,"column":43},"end":{"line":56,"column":1}},"line":52},"5":{"name":"(anonymous_5)","decl":{"start":{"line":59,"column":17},"end":{"line":59,"column":18}},"loc":{"start":{"line":59,"column":23},"end":{"line":59,"column":58}},"line":59}},"branchMap":{"0":{"loc":{"start":{"line":41,"column":2},"end":{"line":44,"column":3}},"type":"if","locations":[{"start":{"line":41,"column":2},"end":{"line":44,"column":3}},{"start":{},"end":{}}],"line":41},"1":{"loc":{"start":{"line":58,"column":13},"end":{"line":58,"column":37}},"type":"binary-expr","locations":[{"start":{"line":58,"column":13},"end":{"line":58,"column":29}},{"start":{"line":58,"column":33},"end":{"line":58,"column":37}}],"line":58}},"s":{"0":1,"1":1,"2":1,"3":1,"4":1,"5":1,"6":1,"7":1,"8":1,"9":1,"10":1,"11":1,"12":1,"13":1,"14":1,"15":1,"16":1,"17":1,"18":1,"19":0,"20":0,"21":1,"22":1,"23":1,"24":1,"25":1,"26":1,"27":1,"28":1,"29":1,"30":0,"31":0,"32":1,"33":1,"34":1,"35":1},"f":{"0":1,"1":1,"2":0,"3":1,"4":0,"5":1},"b":{"0":[1,0],"1":[1,1]},"_coverageSchema":"1a1c01bbd47fc00a2c39e90264f33305004495a9","hash":"c241b35496a9c4a871ba82a9718df0416760df37"}
,"D:\\Tae\\SourceCode\\Learning\\my-backend\\database\\db.js": {"path":"D:\\Tae\\SourceCode\\Learning\\my-backend\\database\\db.js","statementMap":{"0":{"start":{"line":1,"column":17},"end":{"line":1,"column":36}},"1":{"start":{"line":2,"column":0},"end":{"line":2,"column":27}},"2":{"start":{"line":4,"column":16},"end":{"line":9,"column":1}},"3":{"start":{"line":5,"column":2},"end":{"line":8,"column":40}},"4":{"start":{"line":7,"column":16},"end":{"line":7,"column":53}},"5":{"start":{"line":8,"column":20},"end":{"line":8,"column":38}},"6":{"start":{"line":11,"column":0},"end":{"line":11,"column":25}}},"fnMap":{"0":{"name":"(anonymous_0)","decl":{"start":{"line":4,"column":16},"end":{"line":4,"column":17}},"loc":{"start":{"line":4,"column":28},"end":{"line":9,"column":1}},"line":4},"1":{"name":"(anonymous_1)","decl":{"start":{"line":7,"column":10},"end":{"line":7,"column":11}},"loc":{"start":{"line":7,"column":16},"end":{"line":7,"column":53}},"line":7},"2":{"name":"(anonymous_2)","decl":{"start":{"line":8,"column":11},"end":{"line":8,"column":12}},"loc":{"start":{"line":8,"column":20},"end":{"line":8,"column":38}},"line":8}},"branchMap":{},"s":{"0":1,"1":1,"2":1,"3":1,"4":1,"5":0,"6":1},"f":{"0":1,"1":1,"2":0},"b":{},"_coverageSchema":"1a1c01bbd47fc00a2c39e90264f33305004495a9","hash":"ef2283e8b2b3ebdf965566c7ed05b1c3a8590d43"}
,"D:\\Tae\\SourceCode\\Learning\\my-backend\\models\\todo.model.js": {"path":"D:\\Tae\\SourceCode\\Learning\\my-backend\\models\\todo.model.js","statementMap":{"0":{"start":{"line":1,"column":17},"end":{"line":1,"column":36}},"1":{"start":{"line":3,"column":19},"end":{"line":8,"column":1}},"2":{"start":{"line":10,"column":0},"end":{"line":10,"column":52}}},"fnMap":{},"branchMap":{},"s":{"0":1,"1":1,"2":1},"f":{},"b":{},"_coverageSchema":"1a1c01bbd47fc00a2c39e90264f33305004495a9","hash":"8db29e74f9d608189cd0a3fd22c0e857eedfe0c7"}
}
