{"D:\\Tae\\SourceCode\\Learning\\my-backend\\app.js": {"path":"D:\\Tae\\SourceCode\\Learning\\my-backend\\app.js","statementMap":{"0":{"start":{"line":1,"column":16},"end":{"line":1,"column":34}},"1":{"start":{"line":2,"column":13},"end":{"line":2,"column":28}},"2":{"start":{"line":3,"column":16},"end":{"line":3,"column":40}},"3":{"start":{"line":4,"column":13},"end":{"line":4,"column":43}},"4":{"start":{"line":5,"column":12},"end":{"line":5,"column":21}},"5":{"start":{"line":6,"column":0},"end":{"line":6,"column":27}},"6":{"start":{"line":8,"column":0},"end":{"line":8,"column":10}},"7":{"start":{"line":9,"column":0},"end":{"line":9,"column":16}},"8":{"start":{"line":10,"column":0},"end":{"line":10,"column":24}},"9":{"start":{"line":11,"column":0},"end":{"line":11,"column":49}},"10":{"start":{"line":13,"column":0},"end":{"line":15,"column":3}},"11":{"start":{"line":14,"column":2},"end":{"line":14,"column":30}},"12":{"start":{"line":18,"column":0},"end":{"line":26,"column":3}},"13":{"start":{"line":19,"column":15},"end":{"line":19,"column":28}},"14":{"start":{"line":21,"column":18},"end":{"line":21,"column":36}},"15":{"start":{"line":23,"column":2},"end":{"line":23,"column":23}},"16":{"start":{"line":25,"column":2},"end":{"line":25,"column":44}},"17":{"start":{"line":29,"column":0},"end":{"line":33,"column":3}},"18":{"start":{"line":30,"column":16},"end":{"line":30,"column":35}},"19":{"start":{"line":32,"column":2},"end":{"line":32,"column":42}},"20":{"start":{"line":36,"column":0},"end":{"line":48,"column":3}},"21":{"start":{"line":37,"column":11},"end":{"line":37,"column":22}},"22":{"start":{"line":38,"column":15},"end":{"line":38,"column":28}},"23":{"start":{"line":40,"column":2},"end":{"line":43,"column":3}},"24":{"start":{"line":41,"column":19},"end":{"line":41,"column":53}},"25":{"start":{"line":42,"column":4},"end":{"line":42,"column":31}},"26":{"start":{"line":45,"column":2},"end":{"line":45,"column":36}},"27":{"start":{"line":47,"column":2},"end":{"line":47,"column":29}},"28":{"start":{"line":51,"column":0},"end":{"line":55,"column":3}},"29":{"start":{"line":52,"column":2},"end":{"line":52,"column":28}},"30":{"start":{"line":54,"column":2},"end":{"line":54,"column":29}},"31":{"start":{"line":57,"column":13},"end":{"line":57,"column":37}},"32":{"start":{"line":58,"column":0},"end":{"line":58,"column":60}},"33":{"start":{"line":58,"column":23},"end":{"line":58,"column":58}},"34":{"start":{"line":60,"column":0},"end":{"line":60,"column":21}}},"fnMap":{"0":{"name":"(anonymous_0)","decl":{"start":{"line":13,"column":16},"end":{"line":13,"column":17}},"loc":{"start":{"line":13,"column":30},"end":{"line":15,"column":1}},"line":13},"1":{"name":"(anonymous_1)","decl":{"start":{"line":18,"column":21},"end":{"line":18,"column":22}},"loc":{"start":{"line":18,"column":41},"end":{"line":26,"column":1}},"line":18},"2":{"name":"(anonymous_2)","decl":{"start":{"line":29,"column":20},"end":{"line":29,"column":21}},"loc":{"start":{"line":29,"column":40},"end":{"line":33,"column":1}},"line":29},"3":{"name":"(anonymous_3)","decl":{"start":{"line":36,"column":23},"end":{"line":36,"column":24}},"loc":{"start":{"line":36,"column":43},"end":{"line":48,"column":1}},"line":36},"4":{"name":"(anonymous_4)","decl":{"start":{"line":51,"column":23},"end":{"line":51,"column":24}},"loc":{"start":{"line":51,"column":43},"end":{"line":55,"column":1}},"line":51},"5":{"name":"(anonymous_5)","decl":{"start":{"line":58,"column":17},"end":{"line":58,"column":18}},"loc":{"start":{"line":58,"column":23},"end":{"line":58,"column":58}},"line":58}},"branchMap":{"0":{"loc":{"start":{"line":40,"column":2},"end":{"line":43,"column":3}},"type":"if","locations":[{"start":{"line":40,"column":2},"end":{"line":43,"column":3}},{"start":{},"end":{}}],"line":40},"1":{"loc":{"start":{"line":57,"column":13},"end":{"line":57,"column":37}},"type":"binary-expr","locations":[{"start":{"line":57,"column":13},"end":{"line":57,"column":29}},{"start":{"line":57,"column":33},"end":{"line":57,"column":37}}],"line":57}},"s":{"0":1,"1":1,"2":1,"3":1,"4":1,"5":1,"6":1,"7":1,"8":1,"9":1,"10":1,"11":0,"12":1,"13":0,"14":0,"15":0,"16":0,"17":1,"18":1,"19":1,"20":1,"21":0,"22":0,"23":0,"24":0,"25":0,"26":0,"27":0,"28":1,"29":0,"30":0,"31":1,"32":1,"33":1,"34":1},"f":{"0":0,"1":0,"2":1,"3":0,"4":0,"5":1},"b":{"0":[0,0],"1":[1,1]},"_coverageSchema":"1a1c01bbd47fc00a2c39e90264f33305004495a9","hash":"c01e8f43d043c546869b25f213f85c74b4c91716"}
,"D:\\Tae\\SourceCode\\Learning\\my-backend\\database\\db.js": {"path":"D:\\Tae\\SourceCode\\Learning\\my-backend\\database\\db.js","statementMap":{"0":{"start":{"line":1,"column":17},"end":{"line":1,"column":36}},"1":{"start":{"line":2,"column":0},"end":{"line":2,"column":27}},"2":{"start":{"line":6,"column":0},"end":{"line":8,"column":1}},"3":{"start":{"line":7,"column":2},"end":{"line":7,"column":44}},"4":{"start":{"line":10,"column":0},"end":{"line":12,"column":1}},"5":{"start":{"line":11,"column":2},"end":{"line":11,"column":44}},"6":{"start":{"line":14,"column":16},"end":{"line":19,"column":1}},"7":{"start":{"line":15,"column":2},"end":{"line":18,"column":40}},"8":{"start":{"line":17,"column":16},"end":{"line":17,"column":53}},"9":{"start":{"line":18,"column":20},"end":{"line":18,"column":38}},"10":{"start":{"line":21,"column":0},"end":{"line":21,"column":25}}},"fnMap":{"0":{"name":"(anonymous_0)","decl":{"start":{"line":14,"column":16},"end":{"line":14,"column":17}},"loc":{"start":{"line":14,"column":28},"end":{"line":19,"column":1}},"line":14},"1":{"name":"(anonymous_1)","decl":{"start":{"line":17,"column":10},"end":{"line":17,"column":11}},"loc":{"start":{"line":17,"column":16},"end":{"line":17,"column":53}},"line":17},"2":{"name":"(anonymous_2)","decl":{"start":{"line":18,"column":11},"end":{"line":18,"column":12}},"loc":{"start":{"line":18,"column":20},"end":{"line":18,"column":38}},"line":18}},"branchMap":{"0":{"loc":{"start":{"line":6,"column":0},"end":{"line":8,"column":1}},"type":"if","locations":[{"start":{"line":6,"column":0},"end":{"line":8,"column":1}},{"start":{},"end":{}}],"line":6},"1":{"loc":{"start":{"line":10,"column":0},"end":{"line":12,"column":1}},"type":"if","locations":[{"start":{"line":10,"column":0},"end":{"line":12,"column":1}},{"start":{},"end":{}}],"line":10},"2":{"loc":{"start":{"line":10,"column":4},"end":{"line":10,"column":76}},"type":"binary-expr","locations":[{"start":{"line":10,"column":4},"end":{"line":10,"column":41}},{"start":{"line":10,"column":45},"end":{"line":10,"column":76}}],"line":10}},"s":{"0":1,"1":1,"2":1,"3":0,"4":1,"5":1,"6":1,"7":1,"8":1,"9":0,"10":1},"f":{"0":1,"1":1,"2":0},"b":{"0":[0,1],"1":[1,0],"2":[1,1]},"_coverageSchema":"1a1c01bbd47fc00a2c39e90264f33305004495a9","hash":"a3c7de35aeb7b135b78f95dbb8a1d6bcc62a9a2d"}
,"D:\\Tae\\SourceCode\\Learning\\my-backend\\models\\todo.model.js": {"path":"D:\\Tae\\SourceCode\\Learning\\my-backend\\models\\todo.model.js","statementMap":{"0":{"start":{"line":1,"column":17},"end":{"line":1,"column":36}},"1":{"start":{"line":3,"column":19},"end":{"line":8,"column":1}},"2":{"start":{"line":10,"column":0},"end":{"line":10,"column":52}}},"fnMap":{},"branchMap":{},"s":{"0":1,"1":1,"2":1},"f":{},"b":{},"_coverageSchema":"1a1c01bbd47fc00a2c39e90264f33305004495a9","hash":"8db29e74f9d608189cd0a3fd22c0e857eedfe0c7"}
}
