TN:
SF:app.js
FN:14,(anonymous_0)
FN:19,(anonymous_1)
FN:30,(anonymous_2)
FN:37,(anonymous_3)
FN:52,(anonymous_4)
FN:59,(anonymous_5)
FNF:6
FNH:4
FNDA:1,(anonymous_0)
FNDA:1,(anonymous_1)
FNDA:0,(anonymous_2)
FNDA:1,(anonymous_3)
FNDA:0,(anonymous_4)
FNDA:1,(anonymous_5)
DA:1,1
DA:2,1
DA:3,1
DA:4,1
DA:5,1
DA:6,1
DA:7,1
DA:9,1
DA:10,1
DA:11,1
DA:12,1
DA:14,1
DA:15,1
DA:19,1
DA:20,1
DA:22,1
DA:24,1
DA:26,1
DA:30,1
DA:31,0
DA:33,0
DA:37,1
DA:38,1
DA:39,1
DA:41,1
DA:42,1
DA:43,1
DA:46,1
DA:48,1
DA:52,1
DA:53,0
DA:55,0
DA:58,1
DA:59,1
DA:61,1
LF:35
LH:31
BRDA:41,0,0,1
BRDA:41,0,1,0
BRDA:58,1,0,1
BRDA:58,1,1,1
BRF:4
BRH:3
end_of_record
TN:
SF:database\db.js
FN:4,(anonymous_0)
FN:7,(anonymous_1)
FN:8,(anonymous_2)
FNF:3
FNH:2
FNDA:1,(anonymous_0)
FNDA:1,(anonymous_1)
FNDA:0,(anonymous_2)
DA:1,1
DA:2,1
DA:4,1
DA:5,1
DA:7,1
DA:8,0
DA:11,1
LF:7
LH:6
BRF:0
BRH:0
end_of_record
TN:
SF:models\todo.model.js
FNF:0
FNH:0
DA:1,1
DA:3,1
DA:10,1
LF:3
LH:3
BRF:0
BRH:0
end_of_record
