TN:
SF:app.js
FN:13,(anonymous_0)
FN:31,(anonymous_1)
FN:42,(anonymous_2)
FN:49,(anonymous_3)
FN:64,(anonymous_4)
FN:71,(anonymous_5)
FNF:6
FNH:4
FNDA:0,(anonymous_0)
FNDA:1,(anonymous_1)
FNDA:1,(anonymous_2)
FNDA:1,(anonymous_3)
FNDA:0,(anonymous_4)
FNDA:1,(anonymous_5)
DA:1,1
DA:2,1
DA:3,1
DA:4,1
DA:5,1
DA:6,1
DA:8,1
DA:9,1
DA:10,1
DA:11,1
DA:13,1
DA:16,0
DA:17,0
DA:20,0
DA:24,0
DA:27,0
DA:31,1
DA:32,1
DA:34,1
DA:36,1
DA:38,0
DA:42,1
DA:43,1
DA:45,0
DA:49,1
DA:50,1
DA:51,1
DA:53,1
DA:54,1
DA:55,0
DA:58,0
DA:60,0
DA:64,1
DA:65,0
DA:67,0
DA:70,1
DA:71,1
DA:73,1
LF:38
LH:26
BRDA:16,0,0,0
BRDA:16,0,1,0
BRDA:20,1,0,0
BRDA:20,1,1,0
BRDA:21,2,0,0
BRDA:21,2,1,0
BRDA:53,3,0,1
BRDA:53,3,1,0
BRDA:70,4,0,1
BRDA:70,4,1,1
BRF:10
BRH:3
end_of_record
TN:
SF:database\db.js
FN:5,(anonymous_0)
FN:8,(anonymous_1)
FN:9,(anonymous_2)
FN:16,(anonymous_3)
FN:19,(anonymous_4)
FN:20,(anonymous_5)
FNF:6
FNH:1
FNDA:0,(anonymous_0)
FNDA:0,(anonymous_1)
FNDA:0,(anonymous_2)
FNDA:1,(anonymous_3)
FNDA:0,(anonymous_4)
FNDA:0,(anonymous_5)
DA:1,1
DA:2,1
DA:4,1
DA:5,0
DA:6,0
DA:8,0
DA:9,0
DA:12,0
DA:15,1
DA:16,1
DA:17,1
DA:19,0
DA:20,0
DA:23,1
LF:14
LH:7
BRDA:4,0,0,0
BRDA:4,0,1,1
BRDA:15,1,0,1
BRDA:15,1,1,0
BRDA:15,2,0,1
BRDA:15,2,1,1
BRF:6
BRH:4
end_of_record
TN:
SF:models\todo.model.js
FNF:0
FNH:0
DA:1,1
DA:3,1
DA:10,1
LF:3
LH:3
BRF:0
BRH:0
end_of_record
